TN:
SF:src\index.js
FN:18,(anonymous_0)
FN:27,(anonymous_1)
FN:35,initializeDatabase
FN:47,(anonymous_3)
FN:69,(anonymous_4)
FN:76,(anonymous_5)
FNF:6
FNH:0
FNDA:0,(anonymous_0)
FNDA:0,(anonymous_1)
FNDA:0,initializeDatabase
FNDA:0,(anonymous_3)
FNDA:0,(anonymous_4)
FNDA:0,(anonymous_5)
DA:1,5
DA:2,5
DA:3,5
DA:4,5
DA:6,5
DA:7,5
DA:10,5
DA:11,5
DA:12,5
DA:15,5
DA:18,5
DA:19,0
DA:20,0
DA:27,5
DA:28,0
DA:36,0
DA:38,0
DA:39,0
DA:42,0
DA:43,0
DA:46,0
DA:47,0
DA:48,0
DA:49,0
DA:50,0
DA:51,0
DA:56,0
DA:57,0
DA:58,0
DA:64,5
DA:65,0
DA:69,5
DA:70,0
DA:71,0
DA:72,0
DA:76,5
DA:77,0
DA:78,0
DA:79,0
DA:84,5
LF:40
LH:16
BRDA:7,0,0,5
BRDA:7,0,1,5
BRDA:46,1,0,0
BRDA:46,1,1,0
BRDA:57,2,0,0
BRDA:57,2,1,0
BRDA:64,3,0,0
BRDA:64,3,1,5
BRDA:71,4,0,0
BRDA:71,4,1,0
BRDA:78,5,0,0
BRDA:78,5,1,0
BRF:12
BRH:3
end_of_record
TN:
SF:src\config\database.js
FNF:0
FNH:0
DA:1,5
DA:3,5
DA:16,5
LF:3
LH:3
BRF:0
BRH:0
end_of_record
TN:
SF:src\config\jwt.js
FN:6,(anonymous_0)
FN:10,(anonymous_1)
FNF:2
FNH:1
FNDA:0,(anonymous_0)
FNDA:8,(anonymous_1)
DA:1,5
DA:3,5
DA:4,5
DA:6,5
DA:7,0
DA:10,5
DA:11,8
DA:12,8
DA:14,8
DA:18,5
LF:10
LH:9
BRF:0
BRH:0
end_of_record
TN:
SF:src\controllers\authController.js
FN:6,(anonymous_0)
FN:65,(anonymous_1)
FNF:2
FNH:1
FNDA:0,(anonymous_0)
FNDA:5,(anonymous_1)
DA:1,5
DA:2,5
DA:3,5
DA:5,5
DA:7,0
DA:8,0
DA:9,0
DA:10,0
DA:16,0
DA:18,0
DA:22,0
DA:23,0
DA:29,0
DA:38,0
DA:43,0
DA:57,0
DA:58,0
DA:66,5
DA:67,5
DA:68,5
DA:69,0
DA:75,5
DA:77,5
DA:81,5
DA:82,5
DA:88,0
DA:90,0
DA:91,0
DA:97,0
DA:102,0
DA:116,0
DA:117,0
DA:125,5
LF:33
LH:12
BRDA:9,0,0,0
BRDA:9,0,1,0
BRDA:22,1,0,0
BRDA:22,1,1,0
BRDA:68,2,0,0
BRDA:68,2,1,5
BRDA:81,3,0,5
BRDA:81,3,1,0
BRDA:90,4,0,0
BRDA:90,4,1,0
BRF:10
BRH:2
end_of_record
TN:
SF:src\controllers\centroDeCustoController.js
FN:5,(anonymous_0)
FN:14,(anonymous_1)
FN:27,(anonymous_2)
FN:41,(anonymous_3)
FN:60,(anonymous_4)
FNF:5
FNH:0
FNDA:0,(anonymous_0)
FNDA:0,(anonymous_1)
FNDA:0,(anonymous_2)
FNDA:0,(anonymous_3)
FNDA:0,(anonymous_4)
DA:1,5
DA:2,5
DA:4,5
DA:6,0
DA:7,0
DA:8,0
DA:10,0
DA:15,0
DA:16,0
DA:17,0
DA:18,0
DA:19,0
DA:21,0
DA:23,0
DA:28,0
DA:29,0
DA:30,0
DA:31,0
DA:33,0
DA:34,0
DA:35,0
DA:37,0
DA:42,0
DA:43,0
DA:44,0
DA:45,0
DA:47,0
DA:48,0
DA:49,0
DA:50,0
DA:51,0
DA:53,0
DA:54,0
DA:56,0
DA:61,0
DA:62,0
DA:63,0
DA:64,0
DA:65,0
DA:67,0
DA:68,0
DA:70,0
DA:75,5
LF:43
LH:4
BRDA:18,0,0,0
BRDA:18,0,1,0
BRDA:30,1,0,0
BRDA:30,1,1,0
BRDA:44,2,0,0
BRDA:44,2,1,0
BRDA:50,3,0,0
BRDA:50,3,1,0
BRDA:64,4,0,0
BRDA:64,4,1,0
BRF:10
BRH:0
end_of_record
TN:
SF:src\controllers\contaBancariaController.js
FN:5,(anonymous_0)
FN:14,(anonymous_1)
FN:27,(anonymous_2)
FN:41,(anonymous_3)
FN:60,(anonymous_4)
FNF:5
FNH:0
FNDA:0,(anonymous_0)
FNDA:0,(anonymous_1)
FNDA:0,(anonymous_2)
FNDA:0,(anonymous_3)
FNDA:0,(anonymous_4)
DA:1,5
DA:2,5
DA:4,5
DA:6,0
DA:7,0
DA:8,0
DA:10,0
DA:15,0
DA:16,0
DA:17,0
DA:18,0
DA:19,0
DA:21,0
DA:23,0
DA:28,0
DA:29,0
DA:30,0
DA:31,0
DA:33,0
DA:34,0
DA:35,0
DA:37,0
DA:42,0
DA:43,0
DA:44,0
DA:45,0
DA:47,0
DA:48,0
DA:49,0
DA:50,0
DA:51,0
DA:53,0
DA:54,0
DA:56,0
DA:61,0
DA:62,0
DA:63,0
DA:64,0
DA:65,0
DA:67,0
DA:68,0
DA:70,0
DA:75,5
LF:43
LH:4
BRDA:18,0,0,0
BRDA:18,0,1,0
BRDA:30,1,0,0
BRDA:30,1,1,0
BRDA:44,2,0,0
BRDA:44,2,1,0
BRDA:50,3,0,0
BRDA:50,3,1,0
BRDA:64,4,0,0
BRDA:64,4,1,0
BRF:10
BRH:0
end_of_record
TN:
SF:src\controllers\lancamentoController.js
FN:5,(anonymous_0)
FN:42,(anonymous_1)
FN:87,(anonymous_2)
FN:186,(anonymous_3)
FN:294,(anonymous_4)
FNF:5
FNH:0
FNDA:0,(anonymous_0)
FNDA:0,(anonymous_1)
FNDA:0,(anonymous_2)
FNDA:0,(anonymous_3)
FNDA:0,(anonymous_4)
DA:1,5
DA:2,5
DA:4,5
DA:6,0
DA:7,0
DA:29,0
DA:34,0
DA:35,0
DA:43,0
DA:44,0
DA:46,0
DA:67,0
DA:68,0
DA:74,0
DA:79,0
DA:80,0
DA:88,0
DA:89,0
DA:90,0
DA:91,0
DA:97,0
DA:99,0
DA:100,0
DA:106,0
DA:107,0
DA:113,0
DA:114,0
DA:115,0
DA:121,0
DA:122,0
DA:123,0
DA:124,0
DA:131,0
DA:132,0
DA:133,0
DA:134,0
DA:141,0
DA:152,0
DA:172,0
DA:178,0
DA:179,0
DA:187,0
DA:188,0
DA:189,0
DA:190,0
DA:196,0
DA:197,0
DA:199,0
DA:201,0
DA:202,0
DA:208,0
DA:209,0
DA:215,0
DA:216,0
DA:222,0
DA:223,0
DA:224,0
DA:230,0
DA:231,0
DA:232,0
DA:233,0
DA:240,0
DA:241,0
DA:242,0
DA:243,0
DA:250,0
DA:260,0
DA:280,0
DA:286,0
DA:287,0
DA:295,0
DA:296,0
DA:297,0
DA:298,0
DA:299,0
DA:301,0
DA:302,0
DA:304,0
DA:309,5
LF:79
LH:4
BRDA:67,0,0,0
BRDA:67,0,1,0
BRDA:90,1,0,0
BRDA:90,1,1,0
BRDA:99,2,0,0
BRDA:99,2,1,0
BRDA:99,3,0,0
BRDA:99,3,1,0
BRDA:106,4,0,0
BRDA:106,4,1,0
BRDA:106,5,0,0
BRDA:106,5,1,0
BRDA:114,6,0,0
BRDA:114,6,1,0
BRDA:121,7,0,0
BRDA:121,7,1,0
BRDA:123,8,0,0
BRDA:123,8,1,0
BRDA:131,9,0,0
BRDA:131,9,1,0
BRDA:133,10,0,0
BRDA:133,10,1,0
BRDA:189,11,0,0
BRDA:189,11,1,0
BRDA:201,12,0,0
BRDA:201,12,1,0
BRDA:208,13,0,0
BRDA:208,13,1,0
BRDA:208,14,0,0
BRDA:208,14,1,0
BRDA:215,15,0,0
BRDA:215,15,1,0
BRDA:215,16,0,0
BRDA:215,16,1,0
BRDA:223,17,0,0
BRDA:223,17,1,0
BRDA:230,18,0,0
BRDA:230,18,1,0
BRDA:232,19,0,0
BRDA:232,19,1,0
BRDA:240,20,0,0
BRDA:240,20,1,0
BRDA:242,21,0,0
BRDA:242,21,1,0
BRDA:298,22,0,0
BRDA:298,22,1,0
BRF:46
BRH:0
end_of_record
TN:
SF:src\controllers\receitaController.js
FN:5,(anonymous_0)
FN:14,(anonymous_1)
FN:27,(anonymous_2)
FN:41,(anonymous_3)
FN:60,(anonymous_4)
FNF:5
FNH:0
FNDA:0,(anonymous_0)
FNDA:0,(anonymous_1)
FNDA:0,(anonymous_2)
FNDA:0,(anonymous_3)
FNDA:0,(anonymous_4)
DA:1,5
DA:2,5
DA:4,5
DA:6,0
DA:7,0
DA:8,0
DA:10,0
DA:15,0
DA:16,0
DA:17,0
DA:18,0
DA:19,0
DA:21,0
DA:23,0
DA:28,0
DA:29,0
DA:30,0
DA:31,0
DA:33,0
DA:34,0
DA:35,0
DA:37,0
DA:42,0
DA:43,0
DA:44,0
DA:45,0
DA:47,0
DA:48,0
DA:49,0
DA:50,0
DA:51,0
DA:53,0
DA:54,0
DA:56,0
DA:61,0
DA:62,0
DA:63,0
DA:64,0
DA:65,0
DA:67,0
DA:68,0
DA:70,0
DA:75,5
LF:43
LH:4
BRDA:18,0,0,0
BRDA:18,0,1,0
BRDA:30,1,0,0
BRDA:30,1,1,0
BRDA:44,2,0,0
BRDA:44,2,1,0
BRDA:50,3,0,0
BRDA:50,3,1,0
BRDA:64,4,0,0
BRDA:64,4,1,0
BRF:10
BRH:0
end_of_record
TN:
SF:src\controllers\usuarioController.js
FN:5,validarCPF
FN:22,(anonymous_1)
FN:26,(anonymous_2)
FN:31,(anonymous_3)
FN:43,(anonymous_4)
FN:57,(anonymous_5)
FN:68,(anonymous_6)
FNF:7
FNH:0
FNDA:0,validarCPF
FNDA:0,(anonymous_1)
FNDA:0,(anonymous_2)
FNDA:0,(anonymous_3)
FNDA:0,(anonymous_4)
FNDA:0,(anonymous_5)
FNDA:0,(anonymous_6)
DA:1,5
DA:2,5
DA:3,5
DA:6,0
DA:7,0
DA:8,0
DA:9,0
DA:10,0
DA:11,0
DA:12,0
DA:13,0
DA:14,0
DA:15,0
DA:16,0
DA:17,0
DA:18,0
DA:21,5
DA:23,0
DA:24,0
DA:27,0
DA:28,0
DA:29,0
DA:32,0
DA:33,0
DA:34,0
DA:35,0
DA:36,0
DA:37,0
DA:38,0
DA:40,0
DA:44,0
DA:45,0
DA:46,0
DA:47,0
DA:48,0
DA:49,0
DA:50,0
DA:51,0
DA:52,0
DA:54,0
DA:58,0
DA:59,0
DA:60,0
DA:61,0
DA:62,0
DA:63,0
DA:65,0
DA:69,0
DA:70,0
DA:71,0
DA:72,0
DA:73,0
DA:74,0
DA:75,0
DA:76,0
DA:77,0
DA:78,0
DA:80,0
DA:85,5
LF:59
LH:5
BRDA:7,0,0,0
BRDA:7,0,1,0
BRDA:7,1,0,0
BRDA:7,1,1,0
BRDA:11,2,0,0
BRDA:11,2,1,0
BRDA:11,3,0,0
BRDA:11,3,1,0
BRDA:12,4,0,0
BRDA:12,4,1,0
BRDA:16,5,0,0
BRDA:16,5,1,0
BRDA:16,6,0,0
BRDA:16,6,1,0
BRDA:17,7,0,0
BRDA:17,7,1,0
BRDA:28,8,0,0
BRDA:28,8,1,0
BRDA:33,9,0,0
BRDA:33,9,1,0
BRDA:35,10,0,0
BRDA:35,10,1,0
BRDA:45,11,0,0
BRDA:45,11,1,0
BRDA:50,12,0,0
BRDA:50,12,1,0
BRDA:61,13,0,0
BRDA:61,13,1,0
BRDA:73,14,0,0
BRDA:73,14,1,0
BRDA:75,15,0,0
BRDA:75,15,1,0
BRF:32
BRH:0
end_of_record
TN:
SF:src\middlewares\auth.js
FN:3,(anonymous_0)
FNF:1
FNH:1
FNDA:14,(anonymous_0)
DA:1,5
DA:3,5
DA:4,14
DA:5,14
DA:7,14
DA:8,6
DA:14,8
DA:16,8
DA:17,8
DA:23,0
DA:24,0
DA:26,0
DA:33,5
LF:13
LH:10
BRDA:7,0,0,6
BRDA:7,0,1,8
BRDA:16,1,0,8
BRDA:16,1,1,0
BRF:4
BRH:3
end_of_record
TN:
SF:src\models\CentroDeCusto.js
FNF:0
FNH:0
DA:1,5
DA:2,5
DA:4,5
DA:31,5
LF:4
LH:4
BRF:0
BRH:0
end_of_record
TN:
SF:src\models\ContaBancaria.js
FNF:0
FNH:0
DA:1,5
DA:2,5
DA:4,5
DA:43,5
LF:4
LH:4
BRF:0
BRH:0
end_of_record
TN:
SF:src\models\Lancamento.js
FNF:0
FNH:0
DA:1,5
DA:2,5
DA:4,5
DA:63,5
LF:4
LH:4
BRF:0
BRH:0
end_of_record
TN:
SF:src\models\Receita.js
FNF:0
FNH:0
DA:1,5
DA:2,5
DA:4,5
DA:31,5
LF:4
LH:4
BRF:0
BRH:0
end_of_record
TN:
SF:src\models\Usuario.js
FN:44,(anonymous_0)
FN:49,(anonymous_1)
FN:57,(anonymous_2)
FNF:3
FNH:0
FNDA:0,(anonymous_0)
FNDA:0,(anonymous_1)
FNDA:0,(anonymous_2)
DA:1,5
DA:2,5
DA:3,5
DA:5,5
DA:45,0
DA:46,0
DA:50,0
DA:51,0
DA:57,5
DA:58,0
DA:61,5
LF:11
LH:6
BRDA:45,0,0,0
BRDA:45,0,1,0
BRDA:50,1,0,0
BRDA:50,1,1,0
BRF:4
BRH:0
end_of_record
TN:
SF:src\models\index.js
FNF:0
FNH:0
DA:1,5
DA:2,5
DA:3,5
DA:4,5
DA:5,5
DA:8,5
DA:9,5
DA:11,5
DA:12,5
DA:14,5
DA:15,5
DA:17,5
DA:18,5
DA:20,5
DA:21,5
DA:23,5
DA:24,5
DA:26,5
DA:27,5
DA:29,5
LF:20
LH:20
BRF:0
BRH:0
end_of_record
TN:
SF:src\routes\auth.js
FN:7,isCPF
FN:39,(anonymous_1)
FNF:2
FNH:0
FNDA:0,isCPF
FNDA:0,(anonymous_1)
DA:1,5
DA:2,5
DA:3,5
DA:5,5
DA:8,0
DA:9,0
DA:10,0
DA:11,0
DA:12,0
DA:13,0
DA:14,0
DA:15,0
DA:16,0
DA:17,0
DA:18,0
DA:19,0
DA:20,0
DA:23,5
DA:40,0
DA:41,0
DA:42,0
DA:43,0
DA:47,5
DA:52,5
DA:53,5
DA:55,5
LF:26
LH:9
BRDA:9,0,0,0
BRDA:9,0,1,0
BRDA:9,1,0,0
BRDA:9,1,1,0
BRDA:13,2,0,0
BRDA:13,2,1,0
BRDA:13,3,0,0
BRDA:13,3,1,0
BRDA:14,4,0,0
BRDA:14,4,1,0
BRDA:18,5,0,0
BRDA:18,5,1,0
BRDA:18,6,0,0
BRDA:18,6,1,0
BRDA:19,7,0,0
BRDA:19,7,1,0
BRDA:42,8,0,0
BRDA:42,8,1,0
BRF:18
BRH:0
end_of_record
TN:
SF:src\routes\centroDeCusto.js
FNF:0
FNH:0
DA:1,5
DA:2,5
DA:3,5
DA:4,5
DA:6,5
DA:8,5
DA:10,5
DA:18,5
DA:19,5
DA:20,5
DA:21,5
DA:22,5
DA:24,5
LF:13
LH:13
BRF:0
BRH:0
end_of_record
TN:
SF:src\routes\contaBancaria.js
FNF:0
FNH:0
DA:1,5
DA:2,5
DA:3,5
DA:4,5
DA:6,5
DA:8,5
DA:10,5
DA:28,5
DA:29,5
DA:30,5
DA:31,5
DA:32,5
DA:34,5
LF:13
LH:13
BRF:0
BRH:0
end_of_record
TN:
SF:src\routes\index.js
FNF:0
FNH:0
DA:1,5
DA:2,5
DA:3,5
DA:4,5
DA:5,5
DA:6,5
DA:7,5
DA:9,5
DA:11,5
DA:12,5
DA:13,5
DA:14,5
DA:15,5
DA:16,5
DA:18,5
LF:15
LH:15
BRF:0
BRH:0
end_of_record
TN:
SF:src\routes\lancamento.js
FN:15,(anonymous_0)
FNF:1
FNH:0
FNDA:0,(anonymous_0)
DA:1,5
DA:2,5
DA:3,5
DA:4,5
DA:6,5
DA:8,5
DA:10,5
DA:16,0
DA:17,0
DA:18,0
DA:19,0
DA:35,5
DA:36,5
DA:37,5
DA:38,5
DA:39,5
DA:41,5
LF:17
LH:13
BRDA:18,0,0,0
BRDA:18,0,1,0
BRF:2
BRH:0
end_of_record
TN:
SF:src\routes\receita.js
FNF:0
FNH:0
DA:1,5
DA:2,5
DA:3,5
DA:4,5
DA:6,5
DA:8,5
DA:10,5
DA:18,5
DA:19,5
DA:20,5
DA:21,5
DA:22,5
DA:24,5
LF:13
LH:13
BRF:0
BRH:0
end_of_record
TN:
SF:src\routes\usuario.js
FN:10,isCPF
FN:42,(anonymous_1)
FN:61,(anonymous_2)
FNF:3
FNH:0
FNDA:0,isCPF
FNDA:0,(anonymous_1)
FNDA:0,(anonymous_2)
DA:1,5
DA:2,5
DA:3,5
DA:4,5
DA:6,5
DA:8,5
DA:11,0
DA:12,0
DA:13,0
DA:14,0
DA:15,0
DA:16,0
DA:17,0
DA:18,0
DA:19,0
DA:20,0
DA:21,0
DA:22,0
DA:23,0
DA:26,5
DA:43,0
DA:44,0
DA:45,0
DA:46,0
DA:50,5
DA:62,0
DA:63,0
DA:64,0
DA:65,0
DA:70,5
DA:75,5
DA:76,5
DA:77,5
DA:78,5
DA:79,5
DA:80,5
DA:82,5
LF:37
LH:16
BRDA:12,0,0,0
BRDA:12,0,1,0
BRDA:12,1,0,0
BRDA:12,1,1,0
BRDA:16,2,0,0
BRDA:16,2,1,0
BRDA:16,3,0,0
BRDA:16,3,1,0
BRDA:17,4,0,0
BRDA:17,4,1,0
BRDA:21,5,0,0
BRDA:21,5,1,0
BRDA:21,6,0,0
BRDA:21,6,1,0
BRDA:22,7,0,0
BRDA:22,7,1,0
BRDA:45,8,0,0
BRDA:45,8,1,0
BRDA:64,9,0,0
BRDA:64,9,1,0
BRF:20
BRH:0
end_of_record
